<?xml version="1.0" encoding="utf-8"?>
<shfbBuild product="Sandcastle Help File Builder and Tools" version="2025.9.30.0" projectFile="C:\Users\conno\source\repos\AT2_Web\Docs.shfbproj" started="4/04/2026 11:04:24 PM">
<buildStep step="Initializing">
The Sandcastle tools are located in &#39;C:\Program Files (x86)\EWSoftware\Sandcastle Help File Builder&#39;
Locating components in the following folder(s):
    C:\Users\conno\source\repos\AT2_Web
    C:\ProgramData\EWSoftware\Sandcastle Help File Builder\Components and Plug-Ins
    C:\Program Files (x86)\EWSoftware\Sandcastle Help File Builder\Components
Using framework reflection data for &#39;.NET Framework 4.7.2&#39; located in &#39;C:\Program Files (x86)\EWSoftware\Sandcastle Help File Builder\Data\.NETFramework&#39;
Using presentation style &#39;Default2022&#39; located in &#39;C:\Program Files (x86)\EWSoftware\Sandcastle Help File Builder\Components\Default2022&#39;
Loading and initializing plug-ins...
Website Table of Contents Generator Version 2025.9.30.0
Copyright &#169; 2006-2025, Eric Woodruff, All Rights Reserved
-------------------------------
Clearing any prior web/markdown output...
</buildStep>
<buildStep step="ValidatingDocumentationSources">
Validating and copying documentation source information
Source: C:\Users\conno\source\repos\AT2_Web\MVCApplication\bin\Release\net8.0\MVCApplication.dll
    Found assembly &#39;C:\Users\conno\source\repos\AT2_Web\MVCApplication\bin\Release\net8.0\MVCApplication.dll&#39;
Source: C:\Users\conno\source\repos\AT2_Web\MVCApplication\bin\Release\net8.0\MVCApplication.xml

Copying XML comments files
    C:\Users\conno\source\repos\AT2_Web\MVCApplication\bin\Release\net8.0\MVCApplication.xml -&gt; C:\Users\conno\source\repos\AT2_Web\Help\Working\MVCApplication.xml
</buildStep>
<buildStep step="GenerateSharedContent">
Generating shared content files (en-US, English (United States))...
    Last step completed in 00:00:00.0016
</buildStep>
<buildStep step="GenerateApiFilter">
Generating API filter for MRefBuilder...
    Last step completed in 00:00:00.0018
</buildStep>
<buildStep step="GenerateReflectionInfo">
Generating reflection information...
[C:\Program Files\dotnet\dotnet.exe - GenerateRefInfo-81dfc599-758d-4ae5-89c6-12349a4ae60f.proj]
Build started 4/04/2026 11:04:24 PM.
     1&gt;Project &quot;C:\Users\conno\source\repos\AT2_Web\Help\Working\GenerateRefInfo-81dfc599-758d-4ae5-89c6-12349a4ae60f.proj&quot; on node 1 (default targets).
     1&gt;PrepareForBuild:
         Creating directory &quot;obj\Debug\&quot;.
       GenerateRefInfo:
         Microsoft.Build (v17.14.21+8929ca9e34d7643e05f10739daf87fe70ae42ae7)
         &#169; Microsoft Corporation. All rights reserved.
         No source code context base path specified.  Source context information is unavailable.
         Loaded 1 assemblies for reflection and 1 dependency assemblies.
         Wrote information on 5 namespaces, 22 types, and 54 members
         Merging duplicate type and member information
         Merged 0 duplicate type(s) and 0 duplicate member(s)
     1&gt;Done Building Project &quot;C:\Users\conno\source\repos\AT2_Web\Help\Working\GenerateRefInfo-81dfc599-758d-4ae5-89c6-12349a4ae60f.proj&quot; (default targets).
    Last step completed in 00:00:01.0871
</buildStep>
<buildStep step="ApplyDocumentModel">
Applying document model to reflection output...
    Last step completed in 00:00:00.0280
</buildStep>
<buildStep step="AddApiTopicFilenames">
Adding topic filenames to API members...
    Last step completed in 00:00:00.0150
</buildStep>
<buildStep step="GenerateApiTopicManifest">
Generating API topic manifest...
    Last step completed in 00:00:00.0104
</buildStep>
<buildStep step="GenerateNamespaceSummaries">
Generating namespace summary information...
    Last step completed in 00:00:00.0218
</buildStep>
<buildStep step="CopyAdditionalContent">
Copying additional content files...
No additional content to copy
    Last step completed in 00:00:00.0008
</buildStep>
<buildStep step="MergeTablesOfContents">
Merging conceptual and additional tables of contents...
    Last step completed in 00:00:00.0006
</buildStep>
<buildStep step="GenerateIntermediateTableOfContents">
Generating intermediate table of contents file for API content...
Generating conceptual content intermediate TOC file...
    Last step completed in 00:00:00.0147
</buildStep>
<buildStep step="CreateBuildAssemblerConfigs">
Creating Sandcastle configuration files...
    Last step completed in 00:00:00.2497
</buildStep>
<buildStep step="CombiningIntermediateTocFiles">
Combining conceptual and API intermediate TOC files...
    Last step completed in 00:00:00.0119
</buildStep>
<buildStep step="MergeCustomConfigs">
Merging custom build component configurations
C:\Users\conno\source\repos\AT2_Web\Help\Working\BuildAssembler.config
  Updating reference topic configurations.
  No conceptual content.  Removing conceptual content components.
    Last step completed in 00:00:00.0191
</buildStep>
<buildStep step="BuildTopics">
Building help topics...
<plugIn name="Website Table of Contents Generator" behavior="Before" priority="1000">
Loading TOC info and adding unique IDs to parent nodes
</plugIn>Loading configuration...
Processing topics...
SHFB: Warning BE0066: ShowMissingComponent: [N:MVCApplication] Missing &lt;summary&gt; documentation
SHFB: Warning BE0066: ShowMissingComponent: [T:MVCApplication.Program] Missing &lt;summary&gt; documentation
SHFB: Warning BE0066: ShowMissingComponent: [M:MVCApplication.Program.Main(System.String[])] Missing &lt;summary&gt; documentation
SHFB: Warning BE0066: ShowMissingComponent: [M:MVCApplication.Program.Main(System.String[])] Missing &lt;returns&gt; documentation
SHFB: Warning BE0066: ShowMissingComponent: [M:MVCApplication.Program.Main(System.String[])] Missing &lt;param name=&quot;args&quot;/&gt; documentation
SHFB: Warning BE0066: ShowMissingComponent: [N:MVCApplication.Controllers] Missing &lt;summary&gt; documentation
SHFB: Warning BE0066: ShowMissingComponent: [T:MVCApplication.Controllers.AccountController] Missing &lt;summary&gt; documentation
SHFB: Warning BE0066: ResolveReferenceLinksComponent: [T:MVCApplication.Controllers.AccountController] Invalid reference link target &#39;T:&#39;.
SHFB: Warning BE0066: ResolveReferenceLinksComponent: [T:MVCApplication.Controllers.AccountController] Invalid reference link target &#39;T:&#39;.
SHFB: Warning BE0066: ResolveReferenceLinksComponent: [T:MVCApplication.Controllers.AccountController] Invalid reference link target &#39;T:&#39;.
SHFB: Warning BE0066: ResolveReferenceLinksComponent: [T:MVCApplication.Controllers.AccountController] Invalid reference link target &#39;T:&#39;.
SHFB: Warning BE0066: ResolveReferenceLinksComponent: [T:MVCApplication.Controllers.AccountController] Unknown reference link target &#39;T:&#39;.
SHFB: Warning BE0066: ResolveReferenceLinksComponent: [T:MVCApplication.Controllers.AccountController] Invalid reference link target &#39;T:&#39;.
SHFB: Warning BE0066: ShowMissingComponent: [T:MVCApplication.Controllers.AdminController] Missing &lt;summary&gt; documentation
SHFB: Warning BE0066: ResolveReferenceLinksComponent: [T:MVCApplication.Controllers.AdminController] Invalid reference link target &#39;T:&#39;.
SHFB: Warning BE0066: ResolveReferenceLinksComponent: [T:MVCApplication.Controllers.AdminController] Invalid reference link target &#39;T:&#39;.
SHFB: Warning BE0066: ResolveReferenceLinksComponent: [T:MVCApplication.Controllers.AdminController] Invalid reference link target &#39;T:&#39;.
SHFB: Warning BE0066: ResolveReferenceLinksComponent: [T:MVCApplication.Controllers.AdminController] Invalid reference link target &#39;T:&#39;.
SHFB: Warning BE0066: ResolveReferenceLinksComponent: [T:MVCApplication.Controllers.AdminController] Unknown reference link target &#39;T:&#39;.
SHFB: Warning BE0066: ResolveReferenceLinksComponent: [T:MVCApplication.Controllers.AdminController] Invalid reference link target &#39;T:&#39;.
SHFB: Warning BE0066: ShowMissingComponent: [T:MVCApplication.Controllers.DashboardController] Missing &lt;summary&gt; documentation
SHFB: Warning BE0066: ResolveReferenceLinksComponent: [T:MVCApplication.Controllers.DashboardController] Invalid reference link target &#39;T:&#39;.
SHFB: Warning BE0066: ResolveReferenceLinksComponent: [T:MVCApplication.Controllers.DashboardController] Invalid reference link target &#39;T:&#39;.
SHFB: Warning BE0066: ResolveReferenceLinksComponent: [T:MVCApplication.Controllers.DashboardController] Invalid reference link target &#39;T:&#39;.
SHFB: Warning BE0066: ResolveReferenceLinksComponent: [T:MVCApplication.Controllers.DashboardController] Invalid reference link target &#39;T:&#39;.
SHFB: Warning BE0066: ResolveReferenceLinksComponent: [T:MVCApplication.Controllers.DashboardController] Unknown reference link target &#39;T:&#39;.
SHFB: Warning BE0066: ResolveReferenceLinksComponent: [T:MVCApplication.Controllers.DashboardController] Invalid reference link target &#39;T:&#39;.
SHFB: Warning BE0066: ShowMissingComponent: [T:MVCApplication.Controllers.EventsController] Missing &lt;summary&gt; documentation
SHFB: Warning BE0066: ResolveReferenceLinksComponent: [T:MVCApplication.Controllers.EventsController] Invalid reference link target &#39;T:&#39;.
SHFB: Warning BE0066: ResolveReferenceLinksComponent: [T:MVCApplication.Controllers.EventsController] Invalid reference link target &#39;T:&#39;.
SHFB: Warning BE0066: ResolveReferenceLinksComponent: [T:MVCApplication.Controllers.EventsController] Invalid reference link target &#39;T:&#39;.
SHFB: Warning BE0066: ResolveReferenceLinksComponent: [T:MVCApplication.Controllers.EventsController] Invalid reference link target &#39;T:&#39;.
SHFB: Warning BE0066: ResolveReferenceLinksComponent: [T:MVCApplication.Controllers.EventsController] Unknown reference link target &#39;T:&#39;.
SHFB: Warning BE0066: ResolveReferenceLinksComponent: [T:MVCApplication.Controllers.EventsController] Invalid reference link target &#39;T:&#39;.
SHFB: Warning BE0066: ShowMissingComponent: [T:MVCApplication.Controllers.HomeController] Missing &lt;summary&gt; documentation
SHFB: Warning BE0066: ResolveReferenceLinksComponent: [T:MVCApplication.Controllers.HomeController] Invalid reference link target &#39;T:&#39;.
SHFB: Warning BE0066: ResolveReferenceLinksComponent: [T:MVCApplication.Controllers.HomeController] Invalid reference link target &#39;T:&#39;.
SHFB: Warning BE0066: ResolveReferenceLinksComponent: [T:MVCApplication.Controllers.HomeController] Invalid reference link target &#39;T:&#39;.
SHFB: Warning BE0066: ResolveReferenceLinksComponent: [T:MVCApplication.Controllers.HomeController] Invalid reference link target &#39;T:&#39;.
SHFB: Warning BE0066: ResolveReferenceLinksComponent: [T:MVCApplication.Controllers.HomeController] Unknown reference link target &#39;T:&#39;.
SHFB: Warning BE0066: ResolveReferenceLinksComponent: [T:MVCApplication.Controllers.HomeController] Invalid reference link target &#39;T:&#39;.
SHFB: Warning BE0066: ShowMissingComponent: [T:MVCApplication.Controllers.ServicesController] Missing &lt;summary&gt; documentation
SHFB: Warning BE0066: ResolveReferenceLinksComponent: [T:MVCApplication.Controllers.ServicesController] Invalid reference link target &#39;T:&#39;.
SHFB: Warning BE0066: ResolveReferenceLinksComponent: [T:MVCApplication.Controllers.ServicesController] Invalid reference link target &#39;T:&#39;.
SHFB: Warning BE0066: ResolveReferenceLinksComponent: [T:MVCApplication.Controllers.ServicesController] Invalid reference link target &#39;T:&#39;.
SHFB: Warning BE0066: ResolveReferenceLinksComponent: [T:MVCApplication.Controllers.ServicesController] Invalid reference link target &#39;T:&#39;.
SHFB: Warning BE0066: ResolveReferenceLinksComponent: [T:MVCApplication.Controllers.ServicesController] Unknown reference link target &#39;T:&#39;.
SHFB: Warning BE0066: ResolveReferenceLinksComponent: [T:MVCApplication.Controllers.ServicesController] Invalid reference link target &#39;T:&#39;.
SHFB: Warning BE0066: ShowMissingComponent: [N:MVCApplication.Data] Missing &lt;summary&gt; documentation
SHFB: Warning BE0066: ShowMissingComponent: [T:MVCApplication.Data.AppDb] Missing &lt;summary&gt; documentation
SHFB: Warning BE0066: ShowMissingComponent: [T:MVCApplication.Data.Seeding] Missing &lt;summary&gt; documentation
SHFB: Warning BE0066: ShowMissingComponent: [N:MVCApplication.Helpers] Missing &lt;summary&gt; documentation
SHFB: Warning BE0066: ShowMissingComponent: [T:MVCApplication.Helpers.V] Missing &lt;summary&gt; documentation
SHFB: Warning BE0066: ShowMissingComponent: [T:MVCApplication.Helpers.V.Account] Missing &lt;summary&gt; documentation
SHFB: Warning BE0066: ShowMissingComponent: [F:MVCApplication.Helpers.V.Account.AccessDenied] Missing &lt;summary&gt; documentation
SHFB: Warning BE0066: ShowMissingComponent: [F:MVCApplication.Helpers.V.Account.Login] Missing &lt;summary&gt; documentation
SHFB: Warning BE0066: ShowMissingComponent: [F:MVCApplication.Helpers.V.Account.Register] Missing &lt;summary&gt; documentation
SHFB: Warning BE0066: ShowMissingComponent: [T:MVCApplication.Helpers.V.Admin] Missing &lt;summary&gt; documentation
SHFB: Warning BE0066: ShowMissingComponent: [F:MVCApplication.Helpers.V.Admin.Announcements] Missing &lt;summary&gt; documentation
SHFB: Warning BE0066: ShowMissingComponent: [F:MVCApplication.Helpers.V.Admin.Events] Missing &lt;summary&gt; documentation
SHFB: Warning BE0066: ShowMissingComponent: [F:MVCApplication.Helpers.V.Admin.Feedback] Missing &lt;summary&gt; documentation
SHFB: Warning BE0066: ShowMissingComponent: [F:MVCApplication.Helpers.V.Admin.Index] Missing &lt;summary&gt; documentation
SHFB: Warning BE0066: ShowMissingComponent: [F:MVCApplication.Helpers.V.Admin.Users] Missing &lt;summary&gt; documentation
SHFB: Warning BE0066: ShowMissingComponent: [T:MVCApplication.Helpers.V.Dashboard] Missing &lt;summary&gt; documentation
SHFB: Warning BE0066: ShowMissingComponent: [F:MVCApplication.Helpers.V.Dashboard.Index] Missing &lt;summary&gt; documentation
SHFB: Warning BE0066: ShowMissingComponent: [F:MVCApplication.Helpers.V.Dashboard.MyBookings] Missing &lt;summary&gt; documentation
SHFB: Warning BE0066: ShowMissingComponent: [F:MVCApplication.Helpers.V.Dashboard.Profile] Missing &lt;summary&gt; documentation
SHFB: Warning BE0066: ShowMissingComponent: [T:MVCApplication.Helpers.V.Events] Missing &lt;summary&gt; documentation
SHFB: Warning BE0066: ShowMissingComponent: [F:MVCApplication.Helpers.V.Events.Create] Missing &lt;summary&gt; documentation
SHFB: Warning BE0066: ShowMissingComponent: [F:MVCApplication.Helpers.V.Events.Details] Missing &lt;summary&gt; documentation
SHFB: Warning BE0066: ShowMissingComponent: [F:MVCApplication.Helpers.V.Events.Index] Missing &lt;summary&gt; documentation
SHFB: Warning BE0066: ShowMissingComponent: [T:MVCApplication.Helpers.V.Home] Missing &lt;summary&gt; documentation
SHFB: Warning BE0066: ShowMissingComponent: [F:MVCApplication.Helpers.V.Home.Announcements] Missing &lt;summary&gt; documentation
SHFB: Warning BE0066: ShowMissingComponent: [F:MVCApplication.Helpers.V.Home.FAQ] Missing &lt;summary&gt; documentation
SHFB: Warning BE0066: ShowMissingComponent: [F:MVCApplication.Helpers.V.Home.Feedback] Missing &lt;summary&gt; documentation
SHFB: Warning BE0066: ShowMissingComponent: [F:MVCApplication.Helpers.V.Home.Index] Missing &lt;summary&gt; documentation
SHFB: Warning BE0066: ShowMissingComponent: [F:MVCApplication.Helpers.V.Home.WasteManagement] Missing &lt;summary&gt; documentation
SHFB: Warning BE0066: ShowMissingComponent: [T:MVCApplication.Helpers.V.Services] Missing &lt;summary&gt; documentation
SHFB: Warning BE0066: ShowMissingComponent: [F:MVCApplication.Helpers.V.Services.Book] Missing &lt;summary&gt; documentation
SHFB: Warning BE0066: ShowMissingComponent: [F:MVCApplication.Helpers.V.Services.Details] Missing &lt;summary&gt; documentation
SHFB: Warning BE0066: ShowMissingComponent: [F:MVCApplication.Helpers.V.Services.Index] Missing &lt;summary&gt; documentation
SHFB: Warning BE0066: ShowMissingComponent: [N:MVCApplication.Models] Missing &lt;summary&gt; documentation
SHFB: Warning BE0066: ShowMissingComponent: [T:MVCApplication.Models.AndInTheDarknessBindThem] Missing &lt;summary&gt; documentation
SHFB: Warning BE0066: ShowMissingComponent: [T:MVCApplication.Models.Booking] Missing &lt;summary&gt; documentation
SHFB: Warning BE0066: ShowMissingComponent: [P:MVCApplication.Models.Booking.BookingDate] Missing &lt;summary&gt; documentation
SHFB: Warning BE0066: ShowMissingComponent: [P:MVCApplication.Models.Booking.Email] Missing &lt;summary&gt; documentation
SHFB: Warning BE0066: ShowMissingComponent: [P:MVCApplication.Models.Booking.FullName] Missing &lt;summary&gt; documentation
SHFB: Warning BE0066: ShowMissingComponent: [P:MVCApplication.Models.Booking.Id] Missing &lt;summary&gt; documentation
SHFB: Warning BE0066: ShowMissingComponent: [T:MVCApplication.Models.ErrorViewModel] Missing &lt;summary&gt; documentation
SHFB: Warning BE0066: ShowMissingComponent: [P:MVCApplication.Models.ErrorViewModel.RequestId] Missing &lt;summary&gt; documentation
SHFB: Warning BE0066: ShowMissingComponent: [P:MVCApplication.Models.ErrorViewModel.ShowRequestId] Missing &lt;summary&gt; documentation
SHFB: Warning BE0066: ShowMissingComponent: [T:MVCApplication.Models.Event] Missing &lt;summary&gt; documentation
SHFB: Warning BE0066: ShowMissingComponent: [P:MVCApplication.Models.Event.Description] Missing &lt;summary&gt; documentation
SHFB: Warning BE0066: ShowMissingComponent: [P:MVCApplication.Models.Event.EventDate] Missing &lt;summary&gt; documentation
SHFB: Warning BE0066: ShowMissingComponent: [P:MVCApplication.Models.Event.Id] Missing &lt;summary&gt; documentation
SHFB: Warning BE0066: ShowMissingComponent: [P:MVCApplication.Models.Event.Location] Missing &lt;summary&gt; documentation
SHFB: Warning BE0066: ShowMissingComponent: [P:MVCApplication.Models.Event.Title] Missing &lt;summary&gt; documentation
SHFB: Warning BE0066: ShowMissingComponent: [T:MVCApplication.Models.Feedback] Missing &lt;summary&gt; documentation
SHFB: Warning BE0066: ShowMissingComponent: [P:MVCApplication.Models.Feedback.Date] Missing &lt;summary&gt; documentation
SHFB: Warning BE0066: ShowMissingComponent: [P:MVCApplication.Models.Feedback.Email] Missing &lt;summary&gt; documentation
SHFB: Warning BE0066: ShowMissingComponent: [P:MVCApplication.Models.Feedback.FullName] Missing &lt;summary&gt; documentation
SHFB: Warning BE0066: ShowMissingComponent: [P:MVCApplication.Models.Feedback.Heading] Missing &lt;summary&gt; documentation
SHFB: Warning BE0066: ShowMissingComponent: [P:MVCApplication.Models.Feedback.Id] Missing &lt;summary&gt; documentation
SHFB: Warning BE0066: ShowMissingComponent: [P:MVCApplication.Models.Feedback.Message] Missing &lt;summary&gt; documentation
SHFB: Warning BE0066: ShowMissingComponent: [P:MVCApplication.Models.Feedback.Type] Missing &lt;summary&gt; documentation
SHFB: Warning BE0066: ShowMissingComponent: [P:MVCApplication.Models.Feedback.WantsContact] Missing &lt;summary&gt; documentation
SHFB: Warning BE0066: ShowMissingComponent: [T:MVCApplication.Models.User] Missing &lt;summary&gt; documentation
SHFB: Warning BE0066: ShowMissingComponent: [P:MVCApplication.Models.User.Email] Missing &lt;summary&gt; documentation
SHFB: Warning BE0066: ShowMissingComponent: [P:MVCApplication.Models.User.FullName] Missing &lt;summary&gt; documentation
SHFB: Warning BE0066: ShowMissingComponent: [P:MVCApplication.Models.User.Id] Missing &lt;summary&gt; documentation
SHFB: Warning BE0066: ShowMissingComponent: [P:MVCApplication.Models.User.PasswordHash] Missing &lt;summary&gt; documentation
SHFB: Warning BE0066: ShowMissingComponent: [P:MVCApplication.Models.User.Role] Missing &lt;summary&gt; documentation
SHFB: Warning BE0066: ShowMissingComponent: [P:MVCApplication.Models.User.Username] Missing &lt;summary&gt; documentation
Processed 101 topic(s)
113 warning(s)
CopyFromIndexComponent: &quot;reflection&quot; in-memory cache entries used: 3 of 15.
CopyFromIndexComponent: &quot;comments&quot; in-memory cache entries used: 2 of 30.
<plugIn name="Website Table of Contents Generator" behavior="After" priority="1000">
Generating TOC fragment files
</plugIn>    Last step completed in 00:00:03.2691
</buildStep>
<buildStep step="CopyStandardHelpContent">
Copying standard help content...
C:\Program Files (x86)\EWSoftware\Sandcastle Help File Builder\Components\Default2022\css\bulma.css -&gt; C:\Users\conno\source\repos\AT2_Web\Help\Working\Output\Website\css\bulma.css
C:\Program Files (x86)\EWSoftware\Sandcastle Help File Builder\Components\Default2022\css\bulma.css.map -&gt; C:\Users\conno\source\repos\AT2_Web\Help\Working\Output\Website\css\bulma.css.map
C:\Program Files (x86)\EWSoftware\Sandcastle Help File Builder\Components\Default2022\css\bulma.min.css -&gt; C:\Users\conno\source\repos\AT2_Web\Help\Working\Output\Website\css\bulma.min.css
C:\Program Files (x86)\EWSoftware\Sandcastle Help File Builder\Components\Default2022\css\font-awesome.css -&gt; C:\Users\conno\source\repos\AT2_Web\Help\Working\Output\Website\css\font-awesome.css
C:\Program Files (x86)\EWSoftware\Sandcastle Help File Builder\Components\Default2022\css\font-awesome.min.css -&gt; C:\Users\conno\source\repos\AT2_Web\Help\Working\Output\Website\css\font-awesome.min.css
C:\Program Files (x86)\EWSoftware\Sandcastle Help File Builder\Components\Default2022\css\ja-JP.css -&gt; C:\Users\conno\source\repos\AT2_Web\Help\Working\Output\Website\css\ja-JP.css
C:\Program Files (x86)\EWSoftware\Sandcastle Help File Builder\Components\Default2022\css\ko-KR.css -&gt; C:\Users\conno\source\repos\AT2_Web\Help\Working\Output\Website\css\ko-KR.css
C:\Program Files (x86)\EWSoftware\Sandcastle Help File Builder\Components\Default2022\css\presentationStyle.css -&gt; C:\Users\conno\source\repos\AT2_Web\Help\Working\Output\Website\css\presentationStyle.css
C:\Program Files (x86)\EWSoftware\Sandcastle Help File Builder\Components\Default2022\css\vs.min.css -&gt; C:\Users\conno\source\repos\AT2_Web\Help\Working\Output\Website\css\vs.min.css
C:\Program Files (x86)\EWSoftware\Sandcastle Help File Builder\Components\Default2022\css\zh-CN.css -&gt; C:\Users\conno\source\repos\AT2_Web\Help\Working\Output\Website\css\zh-CN.css
C:\Program Files (x86)\EWSoftware\Sandcastle Help File Builder\Components\Default2022\css\zh-TW.css -&gt; C:\Users\conno\source\repos\AT2_Web\Help\Working\Output\Website\css\zh-TW.css
C:\Program Files (x86)\EWSoftware\Sandcastle Help File Builder\Components\Default2022\icons\favicon.ico -&gt; C:\Users\conno\source\repos\AT2_Web\Help\Working\Output\Website\icons\favicon.ico
C:\Program Files (x86)\EWSoftware\Sandcastle Help File Builder\Components\Default2022\scripts\clipboard.min.js -&gt; C:\Users\conno\source\repos\AT2_Web\Help\Working\Output\Website\scripts\clipboard.min.js
C:\Program Files (x86)\EWSoftware\Sandcastle Help File Builder\Components\Default2022\scripts\highlight.min.js -&gt; C:\Users\conno\source\repos\AT2_Web\Help\Working\Output\Website\scripts\highlight.min.js
C:\Program Files (x86)\EWSoftware\Sandcastle Help File Builder\Components\Default2022\scripts\jquery-3.5.1.min.js -&gt; C:\Users\conno\source\repos\AT2_Web\Help\Working\Output\Website\scripts\jquery-3.5.1.min.js
C:\Program Files (x86)\EWSoftware\Sandcastle Help File Builder\Components\Default2022\scripts\presentationStyle.js -&gt; C:\Users\conno\source\repos\AT2_Web\Help\Working\Output\Website\scripts\presentationStyle.js
C:\Program Files (x86)\EWSoftware\Sandcastle Help File Builder\Components\Default2022\webfonts\fa-brands-400.ttf -&gt; C:\Users\conno\source\repos\AT2_Web\Help\Working\Output\Website\webfonts\fa-brands-400.ttf
C:\Program Files (x86)\EWSoftware\Sandcastle Help File Builder\Components\Default2022\webfonts\fa-brands-400.woff2 -&gt; C:\Users\conno\source\repos\AT2_Web\Help\Working\Output\Website\webfonts\fa-brands-400.woff2
C:\Program Files (x86)\EWSoftware\Sandcastle Help File Builder\Components\Default2022\webfonts\fa-regular-400.ttf -&gt; C:\Users\conno\source\repos\AT2_Web\Help\Working\Output\Website\webfonts\fa-regular-400.ttf
C:\Program Files (x86)\EWSoftware\Sandcastle Help File Builder\Components\Default2022\webfonts\fa-regular-400.woff2 -&gt; C:\Users\conno\source\repos\AT2_Web\Help\Working\Output\Website\webfonts\fa-regular-400.woff2
C:\Program Files (x86)\EWSoftware\Sandcastle Help File Builder\Components\Default2022\webfonts\fa-solid-900.ttf -&gt; C:\Users\conno\source\repos\AT2_Web\Help\Working\Output\Website\webfonts\fa-solid-900.ttf
C:\Program Files (x86)\EWSoftware\Sandcastle Help File Builder\Components\Default2022\webfonts\fa-solid-900.woff2 -&gt; C:\Users\conno\source\repos\AT2_Web\Help\Working\Output\Website\webfonts\fa-solid-900.woff2
C:\Program Files (x86)\EWSoftware\Sandcastle Help File Builder\Components\Default2022\webfonts\fa-v4compatibility.ttf -&gt; C:\Users\conno\source\repos\AT2_Web\Help\Working\Output\Website\webfonts\fa-v4compatibility.ttf
C:\Program Files (x86)\EWSoftware\Sandcastle Help File Builder\Components\Default2022\webfonts\fa-v4compatibility.woff2 -&gt; C:\Users\conno\source\repos\AT2_Web\Help\Working\Output\Website\webfonts\fa-v4compatibility.woff2
C:\Program Files (x86)\EWSoftware\Sandcastle Help File Builder\Components\Default2022\RootWebsiteContent\GeneralError.html -&gt; C:\Users\conno\source\repos\AT2_Web\Help\Working\Output\Website\GeneralError.html
C:\Program Files (x86)\EWSoftware\Sandcastle Help File Builder\Components\Default2022\RootWebsiteContent\index.html -&gt; C:\Users\conno\source\repos\AT2_Web\Help\Working\Output\Website\index.html
C:\Program Files (x86)\EWSoftware\Sandcastle Help File Builder\Components\Default2022\RootWebsiteContent\PageNotFound.html -&gt; C:\Users\conno\source\repos\AT2_Web\Help\Working\Output\Website\PageNotFound.html
C:\Program Files (x86)\EWSoftware\Sandcastle Help File Builder\Components\Default2022\RootWebsiteContent\search.html -&gt; C:\Users\conno\source\repos\AT2_Web\Help\Working\Output\Website\search.html
C:\Program Files (x86)\EWSoftware\Sandcastle Help File Builder\Components\Default2022\RootWebsiteContent\SearchHelp.aspx -&gt; C:\Users\conno\source\repos\AT2_Web\Help\Working\Output\Website\SearchHelp.aspx
C:\Program Files (x86)\EWSoftware\Sandcastle Help File Builder\Components\Default2022\RootWebsiteContent\SearchHelp.inc.php -&gt; C:\Users\conno\source\repos\AT2_Web\Help\Working\Output\Website\SearchHelp.inc.php
C:\Program Files (x86)\EWSoftware\Sandcastle Help File Builder\Components\Default2022\RootWebsiteContent\SearchHelp.php -&gt; C:\Users\conno\source\repos\AT2_Web\Help\Working\Output\Website\SearchHelp.php
C:\Program Files (x86)\EWSoftware\Sandcastle Help File Builder\Components\Default2022\RootWebsiteContent\Web.Config -&gt; C:\Users\conno\source\repos\AT2_Web\Help\Working\Output\Website\Web.Config
    Last step completed in 00:00:00.0581
</buildStep>
<buildStep step="GenerateFullTextIndex">
Generating full-text index for the website...

    Last step completed in 00:00:00.0374
</buildStep>
<buildStep step="CopyingWebsiteFiles">
Copying website files to output folder...

Copied 187 files for the website content
    Last step completed in 00:00:00.1192
</buildStep>
<buildStep step="CleanIntermediates">
Removing intermediate files...
    Last step completed in 00:00:00.0301
</buildStep>
<buildStep step="Completed">

Build completed successfully at 4/04/2026 11:04:29 PM.  Total time: 00:00:05.2623

</buildStep>
</shfbBuild>
